<?xml version="1.0" encoding="UTF-8"?>
<!-- Generated by org.testng.reporters.JUnitXMLReporter -->
<testsuite ignored="0" hostname="DESKTOP-MAQ8IR7" failures="4" tests="46" name="VigilanceTest" time="1007.094" errors="0" timestamp="2024-12-27T12:10:22 IST">
  <testcase classname="com.demo.testCase.AllotPendingCase" name="toVerifyAllotPendingCasesIsDisplaying" time="0.095"/>
  <testcase classname="com.demo.testCase.AllotPendingCase" name="toVerifyClickOnAllotPendingCaseMenu" time="10.135"/>
  <testcase classname="com.demo.testCase.AllotPendingCase" name="toverifyHeaderNameOfAllotPendingCase" time="7.038"/>
  <testcase classname="com.demo.testCase.AllotPendingCase" name="toverifyCountOfAllotPendingCase" time="13.124"/>
  <testcase classname="com.demo.testCase.AllotPendingCase" name="toverifySearchOptionIsWorkingAndFetchedDetailsFromTable" time="8.849"/>
  <testcase classname="com.demo.testCase.AllotPendingCase" name="toverifydownloadReportInExcelFormat" time="9.127"/>
  <testcase classname="com.demo.testCase.AllotPendingCase" name="toSavedAllotPendingDetailsInExcelFile" time="1.477"/>
  <testcase classname="com.demo.testCase.Irregularities_Field" name="toverifyAlertMessage" time="0.192"/>
  <testcase classname="com.demo.testCase.Irregularities_Field" name="toFillTheIrregularitiesOfMainMeter" time="35.495"/>
  <testcase classname="com.demo.testCase.Irregularities_Field" name="toverifyFillIrregularitiesOfPoleMeterWithoutFieldMainMeterIrreggularities" time="21.99"/>
  <testcase classname="com.demo.testCase.Irregularities_Field" name="toverifyIrregularitiesfiledMainMeterAndPoleMeter" time="53.326"/>
  <testcase classname="com.demo.testCase.Irregularities_Field" name="toSavedIrregulatiesFieldDetailsInExcelFile" time="1.392"/>
  <testcase classname="com.demo.testCase.AllotAttendCase" name="toVerifyAllotAttendCasesIsDisplaying" time="0.042"/>
  <testcase classname="com.demo.testCase.AllotAttendCase" name="toVerifyClickOnAllotAttendCaseMenu" time="4.312"/>
  <testcase classname="com.demo.testCase.AllotAttendCase" name="toverifyHeaderNameAllotAttendCase" time="6.076"/>
  <testcase classname="com.demo.testCase.AllotAttendCase" name="toverifyCountOfAllotAttendCase" time="11.256"/>
  <testcase classname="com.demo.testCase.AllotAttendCase" name="toverifySearchOptionIsWorkingAndFetchedDetailsFromTable" time="5.899">
    <failure type="java.lang.AssertionError" message="lists don&amp;apos;t have the same size expected [7] but found [25]">
      <![CDATA[java.lang.AssertionError: lists don't have the same size expected [7] but found [25]
at com.demo.testCase.AllotAttendCase.toverifySearchOptionIsWorkingAndFetchedDetailsFromTable(AllotAttendCase.java:158)
at java.base/java.util.ArrayList.forEach(ArrayList.java:1511)
... Removed 34 stack frames]]>
    </failure>
  </testcase> <!-- toverifySearchOptionIsWorkingAndFetchedDetailsFromTable -->
  <testcase classname="com.demo.testCase.AllotAttendCase" name="toverifyAttendConsumerDetailsIsFetchedDetailsFromTable" time="8.381"/>
  <testcase classname="com.demo.testCase.AllotAttendCase" name="toverifyAttendMarkingDetailsIsFetchedDetailsFromTable" time="8.184"/>
  <testcase classname="com.demo.testCase.AllotAttendCase" name="tofetchedFieldIrregularitiesforMainMeter" time="14.091"/>
  <testcase classname="com.demo.testCase.AllotAttendCase" name="tofetchedFieldIrregularitiesforPoleMeter" time="14.016"/>
  <testcase classname="com.demo.testCase.AllotAttendCase" name="toverifyWithoutTakeActionthenAlertMessageIsDisplayed" time="19.224"/>
  <testcase classname="com.demo.testCase.AllotAttendCase" name="toverifythatTakeActionToAllotedAttendCases" time="29.229"/>
  <testcase classname="com.demo.testCase.AssessmentApproval" name="toVerifyAssessmentApprovalIsDisplaying" time="0.037"/>
  <testcase classname="com.demo.testCase.AssessmentApproval" name="toVerifyClickOnAssessmentApprovalCaseMenu" time="4.301"/>
  <testcase classname="com.demo.testCase.AssessmentApproval" name="toverifyHeaderNameAssessmentApprovalCase" time="11.291"/>
  <testcase classname="com.demo.testCase.AssessmentApproval" name="toveriyCountOfAssessmentApprovalCase" time="12.796">
    <failure type="java.lang.AssertionError" message="expected [4] but found [41]">
      <![CDATA[java.lang.AssertionError: expected [4] but found [41]
at com.demo.testCase.AssessmentApproval.toveriyCountOfAssessmentApprovalCase(AssessmentApproval.java:140)
at java.base/java.util.ArrayList.forEach(ArrayList.java:1511)
... Removed 33 stack frames]]>
    </failure>
  </testcase> <!-- toveriyCountOfAssessmentApprovalCase -->
  <testcase classname="com.demo.testCase.AssessmentApproval" name="toveriyAssessmentApprovalCaseDetailsFromDatabase" time="13.587"/>
  <testcase classname="com.demo.testCase.AssessmentApproval" name="toveriyWithoutEnterRemarkAndClickOnSubmitButtonThenAlertMessageIsDisplaying" time="15.522"/>
  <testcase classname="com.demo.testCase.AssessmentApproval" name="toveriyEnterRemarkAndClickOnSubmitButtonThenDataIsSavedInTable" time="18.03"/>
  <testcase classname="com.demo.testCase.AssessmentApproval" name="toSavedAssessmentProposedDetailsInExcelFile" time="0.76"/>
  <testcase classname="com.demo.testCase.AssessmentFeedingCase" name="toVerifyAssessmentFeedingIsDisplaying" time="0.047"/>
  <testcase classname="com.demo.testCase.AssessmentFeedingCase" name="toVerifyClickOnAssessmentFeedingCaseMenu" time="4.37"/>
  <testcase classname="com.demo.testCase.AssessmentFeedingCase" name="toverifyHeaderNameFeedingCaseDetails" time="6.114"/>
  <testcase classname="com.demo.testCase.AssessmentFeedingCase" name="toveriyCountOfAssessmentApprovalCase" time="11.383">
    <failure type="java.lang.AssertionError" message="expected [2] but found [3]">
      <![CDATA[java.lang.AssertionError: expected [2] but found [3]
at com.demo.testCase.AssessmentFeedingCase.toveriyCountOfAssessmentApprovalCase(AssessmentFeedingCase.java:133)
at java.base/java.util.ArrayList.forEach(ArrayList.java:1511)
... Removed 33 stack frames]]>
    </failure>
  </testcase> <!-- toveriyCountOfAssessmentApprovalCase -->
  <testcase classname="com.demo.testCase.AssessmentFeedingCase" name="toveriyfetchedAssessmentFeedingCaseDetailsFromTable" time="9.174">
    <failure type="java.lang.AssertionError" message="Lists differ at element [4]: DVVNL-2023-04-8284 != DVVNL-2023-10-310 expected [DVVNL-2023-04-8284] but found [DVVNL-2023-10-310]">
      <![CDATA[java.lang.AssertionError: Lists differ at element [4]: DVVNL-2023-04-8284 != DVVNL-2023-10-310 expected [DVVNL-2023-04-8284] but found [DVVNL-2023-10-310]
at com.demo.testCase.AssessmentFeedingCase.toveriyfetchedAssessmentFeedingCaseDetailsFromTable(AssessmentFeedingCase.java:165)
at java.base/java.util.ArrayList.forEach(ArrayList.java:1511)
... Removed 32 stack frames]]>
    </failure>
  </testcase> <!-- toveriyfetchedAssessmentFeedingCaseDetailsFromTable -->
  <testcase classname="com.demo.testCase.AssessmentFeedingCase" name="AssessmentFeeding" time="23.301"/>
  <testcase classname="com.demo.testCase.AssessmentFeedingCase" name="SavedAssessmentFeedingCaseDetailsInExcelFile" time="0.936"/>
  <testcase classname="com.demo.testCase.AssessmentRealisationCase" name="toVerifyAssessmentRealisationIsDisplaying" time="0.047"/>
  <testcase classname="com.demo.testCase.AssessmentRealisationCase" name="toVerifyClickOnAssessmentRealisationCaseMenu" time="5.091"/>
  <testcase classname="com.demo.testCase.AssessmentRealisationCase" name="toverifyHeaderNameAssessmentRealisation" time="5.734"/>
  <testcase classname="com.demo.testCase.AssessmentRealisationCase" name="toveriyCountOfAssessmentRealisationCase" time="9.042"/>
  <testcase classname="com.demo.testCase.AssessmentRealisationCase" name="toveriyfetchedAssessmentRealisationCaseDetailsFromTable" time="9.568"/>
  <testcase classname="com.demo.testCase.AssessmentRealisationCase" name="allRealisationDetailsDetails" time="78.78"/>
  <testcase classname="com.demo.testCase.AssessmentRealisationCase" name="provideAssessmentRealistionCaseDetails" time="23.751"/>
  <testcase classname="com.demo.testCase.AssessmentRealisationCase" name="SavedAssessmentRealisationCaseDetailsInExcelFile" time="0.803"/>
</testsuite> <!-- VigilanceTest -->
