<?xml version="1.0" encoding="UTF-8"?>
<testng-results ignored="0" total="1" passed="1" failed="0" skipped="0">
  <reporter-output>
  </reporter-output>
  <suite started-at="2024-12-28T09:58:27 IST" name="Default suite" finished-at="2024-12-28T09:58:29 IST" duration-ms="2231">
    <groups>
    </groups>
    <test started-at="2024-12-28T09:58:27 IST" name="Default test" finished-at="2024-12-28T09:58:29 IST" duration-ms="2231">
      <class name="com.demo.StoredProcedure.ApprovalPendency">
        <test-method signature="testApprovalPendency()[pri:0, instance:com.demo.StoredProcedure.ApprovalPendency@13fd2ccd]" started-at="2024-12-28T09:58:27 IST" name="testApprovalPendency" finished-at="2024-12-28T09:58:29 IST" duration-ms="2150" status="PASS">
          <reporter-output>
          </reporter-output>
        </test-method> <!-- testApprovalPendency -->
      </class> <!-- com.demo.StoredProcedure.ApprovalPendency -->
    </test> <!-- Default test -->
  </suite> <!-- Default suite -->
</testng-results>
